2026-03-29T15:41:03.9570095Z,Updating submodules.,e7f2aa5d-6cce-4121-a804-bede8008b732,0
2026-03-29T15:41:04.0195089Z,Preparing deployment for commit id '7dad2754e6'.,0d1f8415-fc74-4542-89c6-481627688d57,0
2026-03-29T15:41:04.1757639Z,Running build. Project type: OneDeploy,4ab2b03e-a997-4150-9a6a-e21c72b03ef0,0
2026-03-29T15:41:04.2382601Z,Copying the manifest,4fdbb4d0-2983-4776-b66e-58a30c5ff3cf,0
2026-03-29T15:41:04.3007604Z,Clean deploying to C:\home\site\wwwroot,583147e0-d570-40e8-a875-6f6bfb1a709f,0
2026-03-29T15:41:04.3485932Z,Generating deployment script.,5df216f2-e0cc-4961-86f1-81e81aea1660,0
	2026-03-29T15:41:04.4267414Z,Using cached version of deployment script (command: 'azure -y --no-dot-deployment -r "C:\local\Temp\zipdeploy\extracted" -o "C:\home\site\deployments\tools" --basic --sitePath "C:\local\Temp\zipdeploy\extracted"').,,0
2026-03-29T15:41:04.5673660Z,Running deployment command...,00ba4ada-d74b-410c-baca-efdfbbcd8ea6,0
	2026-03-29T15:41:04.5829949Z,Command: "C:\home\site\deployments\tools\deploy.cmd",,0
	2026-03-29T15:41:04.7236182Z,Handling Basic Web Site deployment.,,0
	2026-03-29T15:41:07.3799283Z,Creating app_offline.htm,,0
	2026-03-29T15:41:07.3955565Z,KuduSync.NET from: 'C:\local\Temp\zipdeploy\extracted' to: 'C:\home\site\wwwroot',,0
	2026-03-29T15:41:07.4111779Z,Copying file: 'appsettings.json',,0
	2026-03-29T15:41:07.4268030Z,Copying file: 'appsettings.Production.json',,0
	2026-03-29T15:41:07.4424279Z,Copying file: 'CollegeAttendance.API.dll',,0
	2026-03-29T15:41:07.4580533Z,Copying file: 'CollegeAttendance.API.exe',,0
	2026-03-29T15:41:07.4736782Z,Copying file: 'CollegeAttendance.API.pdb',,0
	2026-03-29T15:41:07.4893051Z,Copying file: 'CollegeAttendance.Application.dll',,0
	2026-03-29T15:41:07.5205537Z,Copying file: 'CollegeAttendance.Application.pdb',,0
	2026-03-29T15:41:07.5361796Z,Copying file: 'CollegeAttendance.Domain.dll',,0
	2026-03-29T15:41:07.5518029Z,Copying file: 'CollegeAttendance.Domain.pdb',,0
	2026-03-29T15:41:07.5674325Z,Copying file: 'CollegeAttendance.Infrastructure.dll',,0
	2026-03-29T15:41:07.5830539Z,Copying file: 'CollegeAttendance.Infrastructure.pdb',,0
	2026-03-29T15:41:07.5986810Z,Deleting app_offline.htm,,0
	2026-03-29T15:41:07.6143086Z,Finished successfully.,,0
2026-03-29T15:41:07.6768044Z,Build completed succesfully.,a0122672-07af-4c7d-bee6-baf8cc334cc1,0
2026-03-29T15:41:07.7393046Z,Running post deployment command(s)...,ab81787f-a311-4890-92b4-0c437f53d9a2,0
2026-03-29T15:41:07.8018052Z,Requesting site restart,610771f2-33de-4d9f-8387-56c0d6c54e0c,0
2026-03-29T15:41:08.1299323Z,Requesting site restart. Attempt #1,5436bf5b-2e6d-49a2-860e-6536fe2a7fed,0
2026-03-29T15:41:08.4893116Z,Successfully requested a restart. Attempt #1,909dcfcf-78b1-4cbf-9bac-58624c9895e7,0
2026-03-29T15:41:08.5830604Z,Deployment successful.,ac589579-19de-4545-a478-388270d4d8b2,0
