2026-03-29T14:24:44.9262130Z,Updating submodules.,6de27256-6f17-4c34-80d9-0171a5d3e784,0
2026-03-29T14:24:45.0043383Z,Preparing deployment for commit id '98460692cb'.,c4db6c0c-d77f-4a99-bec7-b78c9f7dc7e7,0
2026-03-29T14:24:45.1605890Z,Running build. Project type: OneDeploy,8fb79b65-3a7d-49ad-b424-7a34f5c3933d,0
2026-03-29T14:24:45.2387146Z,Copying the manifest,c78371d9-bca7-48f4-a0c6-55ced9669917,0
2026-03-29T14:24:45.3012173Z,Clean deploying to C:\home\site\wwwroot,a746b25e-3aaa-44ce-807b-7fe90fdabcc2,0
2026-03-29T14:24:45.3637196Z,Generating deployment script.,a693ef07-3afb-4648-8f82-fa1c20599281,0
	2026-03-29T14:24:45.4418566Z,Using cached version of deployment script (command: 'azure -y --no-dot-deployment -r "C:\local\Temp\zipdeploy\extracted" -o "C:\home\site\deployments\tools" --basic --sitePath "C:\local\Temp\zipdeploy\extracted"').,,0
2026-03-29T14:24:45.5824672Z,Running deployment command...,0f5f6a5d-7145-4ac0-87c3-7185aa45c400,0
	2026-03-29T14:24:45.5980923Z,Command: "C:\home\site\deployments\tools\deploy.cmd",,0
	2026-03-29T14:24:45.7543478Z,Handling Basic Web Site deployment.,,0
	2026-03-29T14:24:47.4106023Z,Creating app_offline.htm,,0
	2026-03-29T14:24:47.4262287Z,KuduSync.NET from: 'C:\local\Temp\zipdeploy\extracted' to: 'C:\home\site\wwwroot',,0
	2026-03-29T14:24:47.4574781Z,Copying file: 'CollegeAttendance.API.dll',,0
	2026-03-29T14:24:47.4731035Z,Copying file: 'CollegeAttendance.API.exe',,0
	2026-03-29T14:24:47.5043532Z,Copying file: 'CollegeAttendance.API.pdb',,0
	2026-03-29T14:24:47.5199784Z,Copying file: 'CollegeAttendance.Application.dll',,0
	2026-03-29T14:24:47.5356051Z,Copying file: 'CollegeAttendance.Application.pdb',,0
	2026-03-29T14:24:47.5668532Z,Copying file: 'CollegeAttendance.Domain.dll',,0
	2026-03-29T14:24:47.5824789Z,Copying file: 'CollegeAttendance.Domain.pdb',,0
	2026-03-29T14:24:47.6137306Z,Copying file: 'CollegeAttendance.Infrastructure.dll',,0
	2026-03-29T14:24:47.6293536Z,Copying file: 'CollegeAttendance.Infrastructure.pdb',,0
	2026-03-29T14:24:47.6606043Z,Deleting app_offline.htm,,0
	2026-03-29T14:24:47.6762289Z,Finished successfully.,,0
2026-03-29T14:24:47.7543551Z,Build completed succesfully.,b325de9a-fe9a-4b72-b161-b2f6b52a4ad7,0
2026-03-29T14:24:47.8012302Z,Running post deployment command(s)...,8f6df8b3-29e4-4662-a0d9-9f3d007a086c,0
2026-03-29T14:24:47.8793557Z,Requesting site restart,f138ac1b-2a2c-415a-94aa-113207ba0fcc,0
2026-03-29T14:24:47.9574814Z,Requesting site restart. Attempt #1,9f8ab9ca-ba6b-4173-9686-8a137ba1a5f0,0
2026-03-29T14:24:48.3324833Z,Successfully requested a restart. Attempt #1,df1e1c55-06a3-4727-b7e3-83583e191055,0
2026-03-29T14:24:48.3949830Z,Deployment successful.,feb5bf58-ca41-488f-8ae3-d5155e511180,0
