2026-03-29T14:09:53.0120302Z,Updating submodules.,c65d9c90-837c-400e-b8f7-de9fd06edc0a,0
2026-03-29T14:09:53.0745315Z,Preparing deployment for commit id '925479f6b3'.,bc53a7d7-2a8f-449d-96b3-606354d95f01,0
2026-03-29T14:09:53.2307818Z,Running build. Project type: OneDeploy,687b13e8-252b-46f8-9f2a-6f258b22e2fd,0
2026-03-29T14:09:53.2932821Z,Copying the manifest,22763290-b80f-4f40-a839-39d810428e6a,0
2026-03-29T14:09:53.3557826Z,Clean deploying to C:\home\site\wwwroot,d4b649d3-d5c0-4fe8-9016-965e88ea3dcc,0
2026-03-29T14:09:53.4182869Z,Generating deployment script.,80e0c2e7-0624-40e4-bf12-5522ee5cabbd,0
	2026-03-29T14:09:53.4807853Z,Using the following command to generate deployment script: 'azure site deploymentscript -y --no-dot-deployment -r "C:\local\Temp\zipdeploy\extracted" -o "C:\home\site\deployments\tools" --basic --sitePath "C:\local\Temp\zipdeploy\extracted"'.,,0
	2026-03-29T14:09:53.6839291Z,Generating deployment script for Web Site,,0
	2026-03-29T14:09:53.7151649Z,Generated deployment script files,,0
2026-03-29T14:09:53.8089138Z,Running deployment command...,bea067ee-bb0c-4e12-949e-386f1fcf0b2a,0
	2026-03-29T14:09:53.8245346Z,Command: "C:\home\site\deployments\tools\deploy.cmd",,0
	2026-03-29T14:09:54.0120361Z,Handling Basic Web Site deployment.,,0
	2026-03-29T14:09:54.3870385Z,Creating app_offline.htm,,0
	2026-03-29T14:09:54.4026651Z,KuduSync.NET from: 'C:\local\Temp\zipdeploy\extracted' to: 'C:\home\site\wwwroot',,0
	2026-03-29T14:09:54.4339150Z,Deleting file: 'hostingstart.html',,0
	2026-03-29T14:09:54.4495398Z,Copying file: 'appsettings.Development.json',,0
	2026-03-29T14:09:54.4651711Z,Copying file: 'appsettings.json',,0
	2026-03-29T14:09:54.4964147Z,Copying file: 'appsettings.Production.json',,0
	2026-03-29T14:09:54.5276663Z,Copying file: 'Azure.Core.dll',,0
	2026-03-29T14:09:54.5432929Z,Copying file: 'Azure.Identity.dll',,0
	2026-03-29T14:09:54.5745403Z,Copying file: 'CollegeAttendance.API.deps.json',,0
	2026-03-29T14:09:54.5901659Z,Copying file: 'CollegeAttendance.API.dll',,0
	2026-03-29T14:09:54.6214167Z,Copying file: 'CollegeAttendance.API.exe',,0
	2026-03-29T14:09:54.6370403Z,Copying file: 'CollegeAttendance.API.pdb',,0
	2026-03-29T14:09:54.6526696Z,Copying file: 'CollegeAttendance.API.runtimeconfig.json',,0
	2026-03-29T14:09:54.6839159Z,Copying file: 'CollegeAttendance.API.staticwebassets.endpoints.json',,0
	2026-03-29T14:09:54.6995451Z,Copying file: 'CollegeAttendance.Application.dll',,0
	2026-03-29T14:09:54.7307908Z,Copying file: 'CollegeAttendance.Application.pdb',,0
	2026-03-29T14:09:54.7464160Z,Copying file: 'CollegeAttendance.Domain.dll',,0
	2026-03-29T14:09:54.7620428Z,Copying file: 'CollegeAttendance.Domain.pdb',,0
	2026-03-29T14:09:54.7932964Z,Copying file: 'CollegeAttendance.Infrastructure.dll',,0
	2026-03-29T14:09:54.8089178Z,Copying file: 'CollegeAttendance.Infrastructure.pdb',,0
	2026-03-29T14:09:54.8245441Z,Copying file: 'Google.Apis.Auth.dll',,0
	2026-03-29T14:09:54.8557918Z,Copying file: 'Google.Apis.Core.dll',,0
	2026-03-29T14:09:54.8870431Z,Copying file: 'Google.Apis.dll',,0
	2026-03-29T14:09:54.9026706Z,Copying file: 'Microsoft.AspNetCore.Authentication.Google.dll',,0
	2026-03-29T14:09:54.9182920Z,Copying file: 'Microsoft.AspNetCore.Authentication.JwtBearer.dll',,0
	2026-03-29T14:09:54.9495420Z,Copying file: 'Microsoft.AspNetCore.OpenApi.dll',,0
	2026-03-29T14:09:54.9651673Z,Copying file: 'Microsoft.Azure.SignalR.Common.dll',,0
	2026-03-29T14:09:54.9964176Z,Copying file: 'Microsoft.Azure.SignalR.dll',,0
	2026-03-29T14:09:55.0120432Z,Copying file: 'Microsoft.Azure.SignalR.Protocols.dll',,0
	2026-03-29T14:09:55.0432965Z,Copying file: 'Microsoft.Bcl.AsyncInterfaces.dll',,0
	2026-03-29T14:09:55.0589179Z,Copying file: 'Microsoft.Bcl.Cryptography.dll',,0
	2026-03-29T14:09:55.0745435Z,Copying file: 'Microsoft.Data.SqlClient.dll',,0
	2026-03-29T14:09:55.1057945Z,Copying file: 'Microsoft.EntityFrameworkCore.Abstractions.dll',,0
	2026-03-29T14:09:55.1214183Z,Copying file: 'Microsoft.EntityFrameworkCore.dll',,0
	2026-03-29T14:09:55.1526683Z,Copying file: 'Microsoft.EntityFrameworkCore.Relational.dll',,0
	2026-03-29T14:09:55.1682936Z,Copying file: 'Microsoft.EntityFrameworkCore.SqlServer.dll',,0
	2026-03-29T14:09:55.1995440Z,Copying file: 'Microsoft.Identity.Client.dll',,0
	2026-03-29T14:09:55.2307968Z,Copying file: 'Microsoft.Identity.Client.Extensions.Msal.dll',,0
	2026-03-29T14:09:55.2464202Z,Copying file: 'Microsoft.IdentityModel.Abstractions.dll',,0
	2026-03-29T14:09:55.2932945Z,Copying file: 'Microsoft.IdentityModel.JsonWebTokens.dll',,0
	2026-03-29T14:09:55.3245494Z,Copying file: 'Microsoft.IdentityModel.Logging.dll',,0
	2026-03-29T14:09:55.3401713Z,Copying file: 'Microsoft.IdentityModel.Protocols.dll',,0
	2026-03-29T14:09:55.3714198Z,Copying file: 'Microsoft.IdentityModel.Protocols.OpenIdConnect.dll',,0
	2026-03-29T14:09:55.3870446Z,Copying file: 'Microsoft.IdentityModel.Tokens.dll',,0
	2026-03-29T14:09:55.4182950Z,Copying file: 'Microsoft.OpenApi.dll',,0
	2026-03-29T14:09:55.4339197Z,Copying file: 'Microsoft.SqlServer.Server.dll',,0
	2026-03-29T14:09:55.4651703Z,Copying file: 'Microsoft.Win32.SystemEvents.dll',,0
	2026-03-29T14:09:55.4807949Z,Copying file: 'Newtonsoft.Json.dll',,0
	2026-03-29T14:09:55.5120494Z,Copying file: 'QRCoder.dll',,0
	2026-03-29T14:09:55.5276703Z,Copying file: 'Swashbuckle.AspNetCore.Swagger.dll',,0
	2026-03-29T14:09:55.5432955Z,Omitting next output lines...,,0
	2026-03-29T14:09:55.6526753Z,Finished successfully.,,0
2026-03-29T14:09:55.7151696Z,Build completed succesfully.,2ec70519-7287-4314-8a57-320a70520c23,0
2026-03-29T14:09:55.7776719Z,Running post deployment command(s)...,73f3a172-bd53-4c03-b229-846824f81bab,0
2026-03-29T14:09:55.8401720Z,Requesting site restart,96b1be2f-6fdd-432e-a277-c1e952bb7a18,0
2026-03-29T14:09:55.9026725Z,Requesting site restart. Attempt #1,0a336b6c-dda5-4456-a261-a7aaa4eb7ac9,0
2026-03-29T14:09:56.2933000Z,Successfully requested a restart. Attempt #1,44400441-c1bf-4550-88f0-fe55c1313d29,0
2026-03-29T14:09:56.3714253Z,Deployment successful.,6408bbaa-5cec-42b5-967b-073a3a190f16,0
